Generated at 2020-10-18 05:37:02 +0000
Chef::Exceptions::RecipeNotFound: could not find recipe test_recipe for cookbook apache_cookbook
/opt/chef-workstation/embedded/lib/ruby/gems/2.7.0/gems/chef-16.5.77/lib/chef/cookbook_version.rb:204:in `load_recipe'
/opt/chef-workstation/embedded/lib/ruby/gems/2.7.0/gems/chef-16.5.77/lib/chef/run_context.rb:393:in `load_recipe'
/opt/chef-workstation/embedded/lib/ruby/gems/2.7.0/gems/chef-16.5.77/lib/chef/run_context/cookbook_compiler.rb:174:in `block in compile_recipes'
/opt/chef-workstation/embedded/lib/ruby/gems/2.7.0/gems/chef-16.5.77/lib/chef/run_context/cookbook_compiler.rb:171:in `each'
/opt/chef-workstation/embedded/lib/ruby/gems/2.7.0/gems/chef-16.5.77/lib/chef/run_context/cookbook_compiler.rb:171:in `compile_recipes'
/opt/chef-workstation/embedded/lib/ruby/gems/2.7.0/gems/chef-16.5.77/lib/chef/run_context/cookbook_compiler.rb:79:in `compile'
/opt/chef-workstation/embedded/lib/ruby/gems/2.7.0/gems/chef-16.5.77/lib/chef/run_context.rb:223:in `load'
/opt/chef-workstation/embedded/lib/ruby/gems/2.7.0/gems/chef-16.5.77/lib/chef/policy_builder/expand_node_object.rb:103:in `setup_run_context'
/opt/chef-workstation/embedded/lib/ruby/2.7.0/forwardable.rb:235:in `setup_run_context'
/opt/chef-workstation/embedded/lib/ruby/gems/2.7.0/gems/chef-16.5.77/lib/chef/client.rb:497:in `setup_run_context'
/opt/chef-workstation/embedded/lib/ruby/gems/2.7.0/gems/chef-16.5.77/lib/chef/client.rb:283:in `run'
/opt/chef-workstation/embedded/lib/ruby/gems/2.7.0/gems/chef-16.5.77/lib/chef/application.rb:305:in `run_with_graceful_exit_option'
/opt/chef-workstation/embedded/lib/ruby/gems/2.7.0/gems/chef-16.5.77/lib/chef/application.rb:281:in `block in run_chef_client'
/opt/chef-workstation/embedded/lib/ruby/gems/2.7.0/gems/chef-16.5.77/lib/chef/local_mode.rb:42:in `with_server_connectivity'
/opt/chef-workstation/embedded/lib/ruby/gems/2.7.0/gems/chef-16.5.77/lib/chef/application.rb:264:in `run_chef_client'
/opt/chef-workstation/embedded/lib/ruby/gems/2.7.0/gems/chef-16.5.77/lib/chef/application/base.rb:337:in `run_application'
/opt/chef-workstation/embedded/lib/ruby/gems/2.7.0/gems/chef-16.5.77/lib/chef/application.rb:67:in `run'
/opt/chef-workstation/embedded/lib/ruby/gems/2.7.0/gems/chef-bin-16.5.77/bin/chef-client:25:in `<top (required)>'
/bin/chef-client:353:in `load'
/bin/chef-client:353:in `<main>'